[02:43:08] [Server thread/INFO]: Starting minecraft server version 1.12.2
[02:43:08] [Server thread/INFO]: Loading properties
[02:43:08] [Server thread/INFO]: Default game type: SURVIVAL
[02:43:09] [Server thread/INFO]: This server is running Paper version git-Paper-1620 (MC: 1.12.2) (Implementing API version 1.12.2-R0.1-SNAPSHOT)
[02:43:09] [Server thread/INFO]: Debug logging is disabled
[02:43:09] [Server thread/INFO]: Server Ping Player Sample Count: 12
[02:43:09] [Server thread/INFO]: Using 4 threads for Netty based IO
[02:43:09] [Server thread/INFO]: Generating keypair
[02:43:09] [Server thread/INFO]: Starting Minecraft server on *:25565
[02:43:09] [Server thread/INFO]: Using epoll channel type
[02:43:09] [Server thread/INFO]: Set PluginClassLoader as parallel capable
[02:43:09] [Server thread/INFO]: [ViaVersion] Loading ViaVersion v5.3.2
[02:43:09] [Server thread/INFO]: [ViaVersion] ViaVersion 5.3.2 is now loaded. Registering protocol transformers and injecting...
[02:43:10] [Via-Mappingloader-0/INFO]: [ViaVersion] Loading block connection mappings ...
[02:43:10] [Via-Mappingloader-0/INFO]: [ViaVersion] Using FastUtil Long2ObjectOpenHashMap for block connections
[02:43:10] [Server thread/INFO]: [ViaBackwards] Loading translations...
[02:43:10] [Server thread/INFO]: [ViaBackwards] Registering protocols...
[02:43:11] [Server thread/INFO]: [ViaRewind] Registering protocols...
[02:43:11] [Server thread/INFO]: [EaglercraftXServer] Loading EaglercraftXServer v1.0.2
[02:43:11] [Server thread/INFO]: [EaglercraftXServer] (Platform: Bukkit)
[02:43:11] [Server thread/WARN]: [EaglercraftXServer] Note: Its highly recommended to install EaglerXServer on BungeeCord or Velocity instead, you will have a much better experience
[02:43:11] [Server thread/WARN]: [EaglercraftXServer] Note: If you are not using Spigot (or a derivative like Paper) or a version above 1.12.2, things probably won't work right
[02:43:11] [Server thread/INFO]: [EaglercraftXServer] Server Name: "EaglercraftXServer"
[02:43:12] [Server thread/ERROR]: [EaglercraftXServer] Could not load server icon: server-icon.png
javax.imageio.IIOException: Can't read input file!
	at javax.imageio.ImageIO.read(ImageIO.java:1308) ~[?:?]
	at net.lax1dude.eaglercraft.backend.server.base.ServerIconLoader.loadServerIcon(ServerIconLoader.java:112) ~[?:?]
	at net.lax1dude.eaglercraft.backend.server.base.ServerIconLoader$1.loadServerIcon(ServerIconLoader.java:51) ~[?:?]
	at net.lax1dude.eaglercraft.backend.server.base.EaglerListener.<init>(EaglerListener.java:90) ~[?:?]
	at net.lax1dude.eaglercraft.backend.server.base.EaglerXServer.loadNonProxying(EaglerXServer.java:380) ~[?:?]
	at net.lax1dude.eaglercraft.backend.server.base.EaglerXServer.load(EaglerXServer.java:345) ~[?:?]
	at net.lax1dude.eaglercraft.backend.server.bukkit.PlatformPluginBukkit.onLoad(PlatformPluginBukkit.java:212) ~[?:?]
	at org.bukkit.craftbukkit.v1_12_R1.CraftServer.loadPlugins(CraftServer.java:323) ~[patched_1.12.2.jar:git-Paper-1620]
	at net.minecraft.server.v1_12_R1.DedicatedServer.init(DedicatedServer.java:222) ~[patched_1.12.2.jar:git-Paper-1620]
	at net.minecraft.server.v1_12_R1.MinecraftServer.run(MinecraftServer.java:616) ~[patched_1.12.2.jar:git-Paper-1620]
	at java.lang.Thread.run(Thread.java:1583) [?:?]
[02:43:12] [Server thread/INFO]: [EaglercraftXRewind-1.5] Loading EaglercraftXRewind-1.5 v1.0.0
[02:43:12] [Server thread/INFO]: [ViaBackwards] Loading ViaBackwards v5.3.2
[02:43:12] [Server thread/INFO]: [ViaRewind] Loading ViaRewind v4.0.7
[02:43:12] [Server thread/INFO]: [EaglerWeb] Loading EaglerWeb v1.0.0
[02:43:12] [Server thread/INFO]: Server permissions file permissions.yml is empty, ignoring it
[02:43:12] [Server thread/INFO]: [ViaRewind] Enabling ViaRewind v4.0.7
[02:43:12] [Server thread/WARN]: **** SERVER IS RUNNING IN OFFLINE/INSECURE MODE!
[02:43:12] [Server thread/WARN]: The server will make no attempt to authenticate usernames. Beware.
[02:43:12] [Server thread/WARN]: While this makes the game possible to play without internet access, it also opens up the ability for hackers to connect with any username they choose.
[02:43:12] [Server thread/WARN]: To change this, set "online-mode" to "true" in the server.properties file.
[02:43:12] [Server thread/INFO]: **** Beginning UUID conversion, this may take A LONG time ****
[02:43:12] [Server thread/INFO]: Preparing level "world"
[02:43:12] [Server thread/INFO]: -------- World Settings For [world] --------
[02:43:12] [Server thread/INFO]: Mob Spawn Range: 4
[02:43:12] [Server thread/INFO]: Cactus Growth Modifier: 100%
[02:43:12] [Server thread/INFO]: Cane Growth Modifier: 100%
[02:43:12] [Server thread/INFO]: Melon Growth Modifier: 100%
[02:43:12] [Server thread/INFO]: Mushroom Growth Modifier: 100%
[02:43:12] [Server thread/INFO]: Pumpkin Growth Modifier: 100%
[02:43:12] [Server thread/INFO]: Sapling Growth Modifier: 100%
[02:43:12] [Server thread/INFO]: Wheat Growth Modifier: 100%
[02:43:12] [Server thread/INFO]: NetherWart Growth Modifier: 100%
[02:43:12] [Server thread/INFO]: Vine Growth Modifier: 100%
[02:43:12] [Server thread/INFO]: Cocoa Growth Modifier: 100%
[02:43:12] [Server thread/INFO]: Entity Activation Range: An 32 / Mo 32 / Mi 16 / Tiv true
[02:43:12] [Server thread/INFO]: Entity Tracking Range: Pl 48 / An 48 / Mo 48 / Mi 32 / Other 64
[02:43:12] [Server thread/INFO]: Hopper Transfer: 8 Hopper Check: 1 Hopper Amount: 1
[02:43:12] [Server thread/INFO]: Random Lighting Updates: false
[02:43:12] [Server thread/INFO]: Structure Info Saving: true
[02:43:12] [Server thread/INFO]: Custom Map Seeds:  Village: 10387312 Feature: 14357617 Monument: 10387313 Slime: 987234911
[02:43:12] [Server thread/INFO]: Max TNT Explosions: 100
[02:43:12] [Server thread/INFO]: Tile Max Tick Time: 50ms Entity max Tick Time: 50ms
[02:43:12] [Server thread/INFO]: Item Despawn Rate: 6000
[02:43:12] [Server thread/INFO]: Item Merge Radius: 2.5
[02:43:12] [Server thread/INFO]: View Distance: 10
[02:43:12] [Server thread/INFO]: Arrow Despawn Rate: 1200
[02:43:12] [Server thread/INFO]: Allow Zombie Pigmen to spawn from portal blocks: true
[02:43:12] [Server thread/INFO]: Experience Merge Radius: 3.0
[02:43:12] [Server thread/INFO]: Zombie Aggressive Towards Villager: true
[02:43:12] [Server thread/INFO]: Nerfing mobs spawned from spawners: false
[02:43:12] [Server thread/INFO]: -------- World Settings For [world_nether] --------
[02:43:12] [Server thread/INFO]: Mob Spawn Range: 4
[02:43:12] [Server thread/INFO]: Cactus Growth Modifier: 100%
[02:43:12] [Server thread/INFO]: Cane Growth Modifier: 100%
[02:43:12] [Server thread/INFO]: Melon Growth Modifier: 100%
[02:43:12] [Server thread/INFO]: Mushroom Growth Modifier: 100%
[02:43:12] [Server thread/INFO]: Pumpkin Growth Modifier: 100%
[02:43:12] [Server thread/INFO]: Sapling Growth Modifier: 100%
[02:43:12] [Server thread/INFO]: Wheat Growth Modifier: 100%
[02:43:12] [Server thread/INFO]: NetherWart Growth Modifier: 100%
[02:43:12] [Server thread/INFO]: Vine Growth Modifier: 100%
[02:43:12] [Server thread/INFO]: Cocoa Growth Modifier: 100%
[02:43:12] [Server thread/INFO]: Entity Activation Range: An 32 / Mo 32 / Mi 16 / Tiv true
[02:43:12] [Server thread/INFO]: Entity Tracking Range: Pl 48 / An 48 / Mo 48 / Mi 32 / Other 64
[02:43:12] [Server thread/INFO]: Hopper Transfer: 8 Hopper Check: 1 Hopper Amount: 1
[02:43:12] [Server thread/INFO]: Random Lighting Updates: false
[02:43:12] [Server thread/INFO]: Structure Info Saving: true
[02:43:12] [Server thread/INFO]: Custom Map Seeds:  Village: 10387312 Feature: 14357617 Monument: 10387313 Slime: 987234911
[02:43:12] [Server thread/INFO]: Max TNT Explosions: 100
[02:43:12] [Server thread/INFO]: Tile Max Tick Time: 50ms Entity max Tick Time: 50ms
[02:43:12] [Server thread/INFO]: Item Despawn Rate: 6000
[02:43:12] [Server thread/INFO]: Item Merge Radius: 2.5
[02:43:12] [Server thread/INFO]: View Distance: 10
[02:43:12] [Server thread/INFO]: Arrow Despawn Rate: 1200
[02:43:12] [Server thread/INFO]: Allow Zombie Pigmen to spawn from portal blocks: true
[02:43:12] [Server thread/INFO]: Experience Merge Radius: 3.0
[02:43:12] [Server thread/INFO]: Zombie Aggressive Towards Villager: true
[02:43:12] [Server thread/INFO]: Nerfing mobs spawned from spawners: false
[02:43:12] [Server thread/INFO]: -------- World Settings For [world_the_end] --------
[02:43:12] [Server thread/INFO]: Mob Spawn Range: 4
[02:43:12] [Server thread/INFO]: Cactus Growth Modifier: 100%
[02:43:12] [Server thread/INFO]: Cane Growth Modifier: 100%
[02:43:12] [Server thread/INFO]: Melon Growth Modifier: 100%
[02:43:12] [Server thread/INFO]: Mushroom Growth Modifier: 100%
[02:43:12] [Server thread/INFO]: Pumpkin Growth Modifier: 100%
[02:43:12] [Server thread/INFO]: Sapling Growth Modifier: 100%
[02:43:12] [Server thread/INFO]: Wheat Growth Modifier: 100%
[02:43:12] [Server thread/INFO]: NetherWart Growth Modifier: 100%
[02:43:12] [Server thread/INFO]: Vine Growth Modifier: 100%
[02:43:12] [Server thread/INFO]: Cocoa Growth Modifier: 100%
[02:43:12] [Server thread/INFO]: Entity Activation Range: An 32 / Mo 32 / Mi 16 / Tiv true
[02:43:12] [Server thread/INFO]: Entity Tracking Range: Pl 48 / An 48 / Mo 48 / Mi 32 / Other 64
[02:43:12] [Server thread/INFO]: Hopper Transfer: 8 Hopper Check: 1 Hopper Amount: 1
[02:43:12] [Server thread/INFO]: Random Lighting Updates: false
[02:43:12] [Server thread/INFO]: Structure Info Saving: true
[02:43:12] [Server thread/INFO]: Custom Map Seeds:  Village: 10387312 Feature: 14357617 Monument: 10387313 Slime: 987234911
[02:43:12] [Server thread/INFO]: Max TNT Explosions: 100
[02:43:12] [Server thread/INFO]: Tile Max Tick Time: 50ms Entity max Tick Time: 50ms
[02:43:12] [Server thread/INFO]: Item Despawn Rate: 6000
[02:43:12] [Server thread/INFO]: Item Merge Radius: 2.5
[02:43:12] [Server thread/INFO]: View Distance: 10
[02:43:12] [Server thread/INFO]: Arrow Despawn Rate: 1200
[02:43:12] [Server thread/INFO]: Allow Zombie Pigmen to spawn from portal blocks: true
[02:43:12] [Server thread/INFO]: Experience Merge Radius: 3.0
[02:43:12] [Server thread/INFO]: Zombie Aggressive Towards Villager: true
[02:43:12] [Server thread/INFO]: Nerfing mobs spawned from spawners: false
[02:43:13] [Server thread/INFO]: Preparing start region for level 0 (Seed: -6007760602922366582)
[02:43:14] [Server thread/INFO]: Preparing spawn area: 7%
[02:43:14] [Server thread/INFO]: Preparing start region for level 1 (Seed: -6007760602922366582)
[02:43:15] [Server thread/INFO]: Preparing start region for level 2 (Seed: -6007760602922366582)
[02:43:15] [Server thread/INFO]: [ViaVersion] Enabling ViaVersion v5.3.2
[02:43:15] [Server thread/INFO]: [EaglercraftXServer] Enabling EaglercraftXServer v1.0.2
[02:43:15] [Netty Epoll Server IO #0/INFO]: [EaglercraftXServer] Listener "default" injected into channel [id: 0x858bac46, L:/[0:0:0:0:0:0:0:0%0]:25565] successfully (Generic Netty method)
[02:43:15] [Server thread/INFO]: [EaglercraftXServer] Connecting to skin cache database "jdbc:sqlite:eagler_skins_cache.db"...
[02:43:15] [Server thread/INFO]: [EaglercraftXServer] Connected to skin cache database successfully!
[02:43:15] [Server thread/INFO]: [EaglercraftXRewind-1.5] Enabling EaglercraftXRewind-1.5 v1.0.0
[02:43:15] [Server thread/INFO]: [EaglercraftXRewind-1.5] EaglerXRewind protocol for Eaglercraft 1.5.2 has been registered
[02:43:15] [Server thread/INFO]: [ViaBackwards] Enabling ViaBackwards v5.3.2
[02:43:15] [Server thread/INFO]: [EaglerWeb] Enabling EaglerWeb v1.0.0
[02:43:15] [Server thread/INFO]: [EaglerWeb] Loading config files...
[02:43:15] [Server thread/INFO]: [EaglerWeb] Indexing pages, please wait...
[02:43:15] [Server thread/INFO]: [EaglerWeb] Indexed 5 pages total!
[02:43:15] [Server thread/INFO]: Done (3.612s)! For help, type "help" or "?"
[02:43:15] [Server thread/INFO]: Timings Reset
[02:43:15] [Server thread/INFO]: [ViaVersion] ViaVersion detected server version: 1.12.2 (340)
[02:43:15] [Server thread/WARN]: [ViaVersion] This version of Minecraft is extremely outdated and support for it has reached its end of life. You will still be able to run Via on this Minecraft version, but we will prioritize issues with legacy Minecraft versions less. Please consider updating to give your players a better experience and to avoid issues that have long been fixed.
[02:43:15] [Craft Scheduler Thread - 2/INFO]: [ViaVersion] Finished mapping loading, shutting down loader executor.
[02:43:16] [Netty Epoll Server IO #1/WARN]: [EaglercraftXServer] =============================================
[02:43:16] [Netty Epoll Server IO #1/WARN]: [EaglercraftXServer] =============================================
[02:43:16] [Netty Epoll Server IO #1/WARN]: [EaglercraftXServer] 
[02:43:16] [Netty Epoll Server IO #1/WARN]: [EaglercraftXServer]  Updates are available for EaglerXServer
[02:43:16] [Netty Epoll Server IO #1/WARN]: [EaglercraftXServer]  ---------------------------------------
[02:43:16] [Netty Epoll Server IO #1/WARN]: [EaglercraftXServer] 
[02:43:16] [Netty Epoll Server IO #1/WARN]: [EaglercraftXServer]    :< Active: 1.0.2
[02:43:16] [Netty Epoll Server IO #1/WARN]: [EaglercraftXServer] 
[02:43:16] [Netty Epoll Server IO #1/WARN]: [EaglercraftXServer]    :> Latest: 1.0.6
[02:43:16] [Netty Epoll Server IO #1/WARN]: [EaglercraftXServer] 
[02:43:16] [Netty Epoll Server IO #1/WARN]: [EaglercraftXServer]  https://lax1dude.net/eaglerxserver/
[02:43:16] [Netty Epoll Server IO #1/WARN]: [EaglercraftXServer]  -----------------------------------
[02:43:16] [Netty Epoll Server IO #1/WARN]: [EaglercraftXServer] 
[02:43:16] [Netty Epoll Server IO #1/WARN]: [EaglercraftXServer] =============================================
[02:43:16] [Netty Epoll Server IO #1/WARN]: [EaglercraftXServer] =============================================
